# JRE version: OpenJDK Runtime Environment Temurin-11.0.12+7 (11.0.12+7) (build 11.0.12+7)
# Java VM: OpenJDK 64-Bit Server VM Temurin-11.0.12+7 (11.0.12+7, mixed mode, tiered, compressed oops, g1 gc, windows-amd64)
Heap:
 garbage-first heap   total 403456K, used 85176K [0x0000000709600000, 0x0000000800000000)
  region size 1024K, 66 young (67584K), 17 survivors (17408K)
 Metaspace       used 87942K, capacity 90213K, committed 90316K, reserved 1128448K
  class space    used 11285K, capacity 12231K, committed 12288K, reserved 1048576K
GC Heap History (20 events):
Event: 0.998 GC heap before
{Heap before GC invocations=2 (full 0):
 garbage-first heap   total 253952K, used 40268K [0x0000000709600000, 0x0000000800000000)
  region size 1024K, 40 young (40960K), 7 survivors (7168K)
 Metaspace       used 20676K, capacity 21127K, committed 21248K, reserved 1069056K
  class space    used 2296K, capacity 2486K, committed 2560K, reserved 1048576K
}
Event: 1.002 GC heap after
{Heap after GC invocations=3 (full 0):
 garbage-first heap   total 253952K, used 7656K [0x0000000709600000, 0x0000000800000000)
  region size 1024K, 7 young (7168K), 7 survivors (7168K)
 Metaspace       used 20676K, capacity 21127K, committed 21248K, reserved 1069056K
  class space    used 2296K, capacity 2486K, committed 2560K, reserved 1048576K
}
Event: 1.249 GC heap before
{Heap before GC invocations=4 (full 0):
 garbage-first heap   total 253952K, used 151016K [0x0000000709600000, 0x0000000800000000)
  region size 1024K, 148 young (151552K), 7 survivors (7168K)
 Metaspace       used 28289K, capacity 28973K, committed 29184K, reserved 1075200K
  class space    used 3259K, capacity 3502K, committed 3584K, reserved 1048576K
}
Event: 1.254 GC heap after
{Heap after GC invocations=5 (full 0):
 garbage-first heap   total 253952K, used 10303K [0x0000000709600000, 0x0000000800000000)
  region size 1024K, 10 young (10240K), 10 survivors (10240K)
 Metaspace       used 28289K, capacity 28973K, committed 29184K, reserved 1075200K
  class space    used 3259K, capacity 3502K, committed 3584K, reserved 1048576K
}
Event: 1.504 GC heap before
{Heap before GC invocations=5 (full 0):
 garbage-first heap   total 253952K, used 151615K [0x0000000709600000, 0x0000000800000000)
  region size 1024K, 148 young (151552K), 10 survivors (10240K)
 Metaspace       used 33788K, capacity 34578K, committed 34688K, reserved 1079296K
  class space    used 3868K, capacity 4155K, committed 4224K, reserved 1048576K
}
Event: 1.513 GC heap after
{Heap after GC invocations=6 (full 0):
 garbage-first heap   total 305152K, used 12793K [0x0000000709600000, 0x0000000800000000)
  region size 1024K, 12 young (12288K), 12 survivors (12288K)
 Metaspace       used 33788K, capacity 34578K, committed 34688K, reserved 1079296K
  class space    used 3868K, capacity 4155K, committed 4224K, reserved 1048576K
}
Event: 1.585 GC heap before
{Heap before GC invocations=6 (full 0):
 garbage-first heap   total 305152K, used 41465K [0x0000000709600000, 0x0000000800000000)
  region size 1024K, 41 young (41984K), 12 survivors (12288K)
 Metaspace       used 34984K, capacity 35819K, committed 35840K, reserved 1081344K
  class space    used 4034K, capacity 4331K, committed 4352K, reserved 1048576K
}
Event: 1.595 GC heap after
{Heap after GC invocations=7 (full 0):
 garbage-first heap   total 305152K, used 12436K [0x0000000709600000, 0x0000000800000000)
  region size 1024K, 12 young (12288K), 12 survivors (12288K)
 Metaspace       used 34984K, capacity 35819K, committed 35840K, reserved 1081344K
  class space    used 4034K, capacity 4331K, committed 4352K, reserved 1048576K
}
Event: 2.224 GC heap before
{Heap before GC invocations=8 (full 0):
 garbage-first heap   total 305152K, used 182420K [0x0000000709600000, 0x0000000800000000)
  region size 1024K, 178 young (182272K), 12 survivors (12288K)
 Metaspace       used 42303K, capacity 43224K, committed 43392K, reserved 1087488K
  class space    used 5084K, capacity 5432K, committed 5504K, reserved 1048576K
}
Event: 2.234 GC heap after
{Heap after GC invocations=9 (full 0):
 garbage-first heap   total 305152K, used 15219K [0x0000000709600000, 0x0000000800000000)
  region size 1024K, 14 young (14336K), 14 survivors (14336K)
 Metaspace       used 42303K, capacity 43224K, committed 43392K, reserved 1087488K
  class space    used 5084K, capacity 5432K, committed 5504K, reserved 1048576K
}
Event: 3.521 GC heap before
{Heap before GC invocations=9 (full 0):
 garbage-first heap   total 305152K, used 183155K [0x0000000709600000, 0x0000000800000000)
  region size 1024K, 178 young (182272K), 14 survivors (14336K)
 Metaspace       used 53133K, capacity 54382K, committed 54528K, reserved 1097728K
  class space    used 6415K, capacity 6905K, committed 6912K, reserved 1048576K
}
Event: 3.533 GC heap after
{Heap after GC invocations=10 (full 0):
 garbage-first heap   total 305152K, used 21016K [0x0000000709600000, 0x0000000800000000)
  region size 1024K, 17 young (17408K), 17 survivors (17408K)
 Metaspace       used 53133K, capacity 54382K, committed 54528K, reserved 1097728K
  class space    used 6415K, capacity 6905K, committed 6912K, reserved 1048576K
}
Event: 3.971 GC heap before
{Heap before GC invocations=10 (full 0):
 garbage-first heap   total 305152K, used 130584K [0x0000000709600000, 0x0000000800000000)
  region size 1024K, 125 young (128000K), 17 survivors (17408K)
 Metaspace       used 58758K, capacity 60101K, committed 60160K, reserved 1101824K
  class space    used 7412K, capacity 7935K, committed 7936K, reserved 1048576K
}
Event: 3.986 GC heap after
{Heap after GC invocations=11 (full 0):
 garbage-first heap   total 403456K, used 21611K [0x0000000709600000, 0x0000000800000000)
  region size 1024K, 13 young (13312K), 13 survivors (13312K)
 Metaspace       used 58758K, capacity 60101K, committed 60160K, reserved 1101824K
  class space    used 7412K, capacity 7935K, committed 7936K, reserved 1048576K
}
Event: 4.960 GC heap before
{Heap before GC invocations=12 (full 0):
 garbage-first heap   total 403456K, used 249963K [0x0000000709600000, 0x0000000800000000)
  region size 1024K, 236 young (241664K), 13 survivors (13312K)
 Metaspace       used 70794K, capacity 72470K, committed 72780K, reserved 1112064K
  class space    used 9124K, capacity 9790K, committed 9856K, reserved 1048576K
}
Event: 4.967 GC heap after
{Heap after GC invocations=13 (full 0):
 garbage-first heap   total 403456K, used 25291K [0x0000000709600000, 0x0000000800000000)
  region size 1024K, 16 young (16384K), 16 survivors (16384K)
 Metaspace       used 70794K, capacity 72470K, committed 72780K, reserved 1112064K
  class space    used 9124K, capacity 9790K, committed 9856K, reserved 1048576K
}
Event: 12.620 GC heap before
{Heap before GC invocations=13 (full 0):
 garbage-first heap   total 403456K, used 250571K [0x0000000709600000, 0x0000000800000000)
  region size 1024K, 236 young (241664K), 16 survivors (16384K)
 Metaspace       used 76520K, capacity 78289K, committed 78540K, reserved 1118208K
  class space    used 9775K, capacity 10457K, committed 10496K, reserved 1048576K
}
Event: 12.629 GC heap after
{Heap after GC invocations=14 (full 0):
 garbage-first heap   total 403456K, used 31046K [0x0000000709600000, 0x0000000800000000)
  region size 1024K, 22 young (22528K), 22 survivors (22528K)
 Metaspace       used 76520K, capacity 78289K, committed 78540K, reserved 1118208K
  class space    used 9775K, capacity 10457K, committed 10496K, reserved 1048576K
}
Event: 13.737 GC heap before
{Heap before GC invocations=14 (full 0):
 garbage-first heap   total 403456K, used 250182K [0x0000000709600000, 0x0000000800000000)
  region size 1024K, 236 young (241664K), 22 survivors (22528K)
 Metaspace       used 86122K, capacity 88363K, committed 88524K, reserved 1126400K
  class space    used 11041K, capacity 11956K, committed 12032K, reserved 1048576K
}
Event: 13.751 GC heap after
{Heap after GC invocations=15 (full 0):
 garbage-first heap   total 403456K, used 36024K [0x0000000709600000, 0x0000000800000000)
  region size 1024K, 17 young (17408K), 17 survivors (17408K)
 Metaspace       used 86122K, capacity 88363K, committed 88524K, reserved 1126400K
  class space    used 11041K, capacity 11956K, committed 12032K, reserved 1048576K
}

