# JRE version: OpenJDK Runtime Environment Temurin-11.0.12+7 (11.0.12+7) (build 11.0.12+7)
# Java VM: OpenJDK 64-Bit Server VM Temurin-11.0.12+7 (11.0.12+7, mixed mode, tiered, compressed oops, g1 gc, windows-amd64)
Heap:
 garbage-first heap   total 380928K, used 137543K [0x0000000709600000, 0x0000000800000000)
  region size 1024K, 117 young (119808K), 15 survivors (15360K)
 Metaspace       used 87997K, capacity 90279K, committed 90572K, reserved 1128448K
  class space    used 11286K, capacity 12231K, committed 12288K, reserved 1048576K
GC Heap History (20 events):
Event: 0.953 GC heap before
{Heap before GC invocations=2 (full 0):
 garbage-first heap   total 253952K, used 42223K [0x0000000709600000, 0x0000000800000000)
  region size 1024K, 43 young (44032K), 7 survivors (7168K)
 Metaspace       used 20619K, capacity 21128K, committed 21248K, reserved 1069056K
  class space    used 2291K, capacity 2486K, committed 2560K, reserved 1048576K
}
Event: 0.957 GC heap after
{Heap after GC invocations=3 (full 0):
 garbage-first heap   total 253952K, used 7857K [0x0000000709600000, 0x0000000800000000)
  region size 1024K, 7 young (7168K), 7 survivors (7168K)
 Metaspace       used 20619K, capacity 21128K, committed 21248K, reserved 1069056K
  class space    used 2291K, capacity 2486K, committed 2560K, reserved 1048576K
}
Event: 1.310 GC heap before
{Heap before GC invocations=4 (full 0):
 garbage-first heap   total 253952K, used 151217K [0x0000000709600000, 0x0000000800000000)
  region size 1024K, 148 young (151552K), 7 survivors (7168K)
 Metaspace       used 28261K, capacity 29006K, committed 29184K, reserved 1075200K
  class space    used 3297K, capacity 3534K, committed 3584K, reserved 1048576K
}
Event: 1.317 GC heap after
{Heap after GC invocations=5 (full 0):
 garbage-first heap   total 253952K, used 10097K [0x0000000709600000, 0x0000000800000000)
  region size 1024K, 9 young (9216K), 9 survivors (9216K)
 Metaspace       used 28261K, capacity 29006K, committed 29184K, reserved 1075200K
  class space    used 3297K, capacity 3534K, committed 3584K, reserved 1048576K
}
Event: 1.547 GC heap before
{Heap before GC invocations=5 (full 0):
 garbage-first heap   total 253952K, used 152433K [0x0000000709600000, 0x0000000800000000)
  region size 1024K, 148 young (151552K), 9 survivors (9216K)
 Metaspace       used 33790K, capacity 34576K, committed 34688K, reserved 1079296K
  class space    used 3876K, capacity 4155K, committed 4224K, reserved 1048576K
}
Event: 1.553 GC heap after
{Heap after GC invocations=6 (full 0):
 garbage-first heap   total 305152K, used 12147K [0x0000000709600000, 0x0000000800000000)
  region size 1024K, 11 young (11264K), 11 survivors (11264K)
 Metaspace       used 33790K, capacity 34576K, committed 34688K, reserved 1079296K
  class space    used 3876K, capacity 4155K, committed 4224K, reserved 1048576K
}
Event: 1.615 GC heap before
{Heap before GC invocations=6 (full 0):
 garbage-first heap   total 305152K, used 45939K [0x0000000709600000, 0x0000000800000000)
  region size 1024K, 45 young (46080K), 11 survivors (11264K)
 Metaspace       used 35066K, capacity 35813K, committed 35840K, reserved 1081344K
  class space    used 4046K, capacity 4328K, committed 4352K, reserved 1048576K
}
Event: 1.623 GC heap after
{Heap after GC invocations=7 (full 0):
 garbage-first heap   total 305152K, used 12434K [0x0000000709600000, 0x0000000800000000)
  region size 1024K, 12 young (12288K), 12 survivors (12288K)
 Metaspace       used 35066K, capacity 35813K, committed 35840K, reserved 1081344K
  class space    used 4046K, capacity 4328K, committed 4352K, reserved 1048576K
}
Event: 2.157 GC heap before
{Heap before GC invocations=8 (full 0):
 garbage-first heap   total 305152K, used 172178K [0x0000000709600000, 0x0000000800000000)
  region size 1024K, 168 young (172032K), 12 survivors (12288K)
 Metaspace       used 41796K, capacity 42739K, committed 42880K, reserved 1087488K
  class space    used 5038K, capacity 5399K, committed 5504K, reserved 1048576K
}
Event: 2.165 GC heap after
{Heap after GC invocations=9 (full 0):
 garbage-first heap   total 305152K, used 14792K [0x0000000709600000, 0x0000000800000000)
  region size 1024K, 14 young (14336K), 14 survivors (14336K)
 Metaspace       used 41796K, capacity 42739K, committed 42880K, reserved 1087488K
  class space    used 5038K, capacity 5399K, committed 5504K, reserved 1048576K
}
Event: 3.296 GC heap before
{Heap before GC invocations=9 (full 0):
 garbage-first heap   total 305152K, used 182728K [0x0000000709600000, 0x0000000800000000)
  region size 1024K, 178 young (182272K), 14 survivors (14336K)
 Metaspace       used 52861K, capacity 54154K, committed 54272K, reserved 1097728K
  class space    used 6383K, capacity 6872K, committed 6912K, reserved 1048576K
}
Event: 3.309 GC heap after
{Heap after GC invocations=10 (full 0):
 garbage-first heap   total 305152K, used 20292K [0x0000000709600000, 0x0000000800000000)
  region size 1024K, 16 young (16384K), 16 survivors (16384K)
 Metaspace       used 52861K, capacity 54154K, committed 54272K, reserved 1097728K
  class space    used 6383K, capacity 6872K, committed 6912K, reserved 1048576K
}
Event: 3.764 GC heap before
{Heap before GC invocations=10 (full 0):
 garbage-first heap   total 305152K, used 137028K [0x0000000709600000, 0x0000000800000000)
  region size 1024K, 131 young (134144K), 16 survivors (16384K)
 Metaspace       used 58770K, capacity 60099K, committed 60160K, reserved 1101824K
  class space    used 7413K, capacity 7935K, committed 7936K, reserved 1048576K
}
Event: 3.779 GC heap after
{Heap after GC invocations=11 (full 0):
 garbage-first heap   total 380928K, used 22013K [0x0000000709600000, 0x0000000800000000)
  region size 1024K, 13 young (13312K), 13 survivors (13312K)
 Metaspace       used 58770K, capacity 60099K, committed 60160K, reserved 1101824K
  class space    used 7413K, capacity 7935K, committed 7936K, reserved 1048576K
}
Event: 4.617 GC heap before
{Heap before GC invocations=12 (full 0):
 garbage-first heap   total 380928K, used 222717K [0x0000000709600000, 0x0000000800000000)
  region size 1024K, 209 young (214016K), 13 survivors (13312K)
 Metaspace       used 69402K, capacity 70988K, committed 71244K, reserved 1112064K
  class space    used 8938K, capacity 9575K, committed 9600K, reserved 1048576K
}
Event: 4.624 GC heap after
{Heap after GC invocations=13 (full 0):
 garbage-first heap   total 380928K, used 24249K [0x0000000709600000, 0x0000000800000000)
  region size 1024K, 15 young (15360K), 15 survivors (15360K)
 Metaspace       used 69402K, capacity 70988K, committed 71244K, reserved 1112064K
  class space    used 8938K, capacity 9575K, committed 9600K, reserved 1048576K
}
Event: 11.245 GC heap before
{Heap before GC invocations=13 (full 0):
 garbage-first heap   total 380928K, used 237241K [0x0000000709600000, 0x0000000800000000)
  region size 1024K, 223 young (228352K), 15 survivors (15360K)
 Metaspace       used 74591K, capacity 76296K, committed 76492K, reserved 1116160K
  class space    used 9532K, capacity 10220K, committed 10240K, reserved 1048576K
}
Event: 11.254 GC heap after
{Heap after GC invocations=14 (full 0):
 garbage-first heap   total 380928K, used 30441K [0x0000000709600000, 0x0000000800000000)
  region size 1024K, 20 young (20480K), 20 survivors (20480K)
 Metaspace       used 74591K, capacity 76296K, committed 76492K, reserved 1116160K
  class space    used 9532K, capacity 10220K, committed 10240K, reserved 1048576K
}
Event: 12.278 GC heap before
{Heap before GC invocations=14 (full 0):
 garbage-first heap   total 380928K, used 238313K [0x0000000709600000, 0x0000000800000000)
  region size 1024K, 223 young (228352K), 20 survivors (20480K)
 Metaspace       used 83532K, capacity 85556K, committed 85708K, reserved 1124352K
  class space    used 10669K, capacity 11466K, committed 11520K, reserved 1048576K
}
Event: 12.287 GC heap after
{Heap after GC invocations=15 (full 0):
 garbage-first heap   total 380928K, used 34119K [0x0000000709600000, 0x0000000800000000)
  region size 1024K, 15 young (15360K), 15 survivors (15360K)
 Metaspace       used 83532K, capacity 85556K, committed 85708K, reserved 1124352K
  class space    used 10669K, capacity 11466K, committed 11520K, reserved 1048576K
}

